-------------------------------------------------------------------------------
Test set: com.paradecision.ParadecisionApplicationTests
-------------------------------------------------------------------------------
Tests run: 1, Failures: 0, Errors: 1, Skipped: 0, Time elapsed: 12.083 s <<< FAILURE! - in com.paradecision.ParadecisionApplicationTests
contextLoads(com.paradecision.ParadecisionApplicationTests)  Time elapsed: 0.002 s  <<< ERROR!
java.lang.IllegalStateException: Failed to load ApplicationContext
Caused by: org.springframework.beans.factory.UnsatisfiedDependencyException: Error creating bean with name 'profileController' defined in file [/home/kvothe/Development/paradecision-experts/target/classes/com/paradecision/propositions/profiles/ProfileController.class]: Unsatisfied dependency expressed through constructor parameter 0; nested exception is org.springframework.beans.factory.BeanCreationException: Error creating bean with name 'profileRepository': Invocation of init method failed; nested exception is java.lang.IllegalStateException: Using named parameters for method public abstract java.util.List com.paradecision.propositions.profiles.ProfileRepository.findAllByPropositionId(java.lang.Long) but parameter 'Optional[propositionId]' not found in annotated query 'SELECT DISTINCT p.* FROM user_02 u JOIN user_department ud ON ud.a02_id = u.a02_id JOIN department_21 d ON d.a21_id = ud.a21_id JOIN businessunit_25 bu ON d.a25_id = bu.a25_id JOIN organization_20 o ON o.a20_id = bu.a20_id WHERE u.a02_id = :userId'!
Caused by: org.springframework.beans.factory.BeanCreationException: Error creating bean with name 'profileRepository': Invocation of init method failed; nested exception is java.lang.IllegalStateException: Using named parameters for method public abstract java.util.List com.paradecision.propositions.profiles.ProfileRepository.findAllByPropositionId(java.lang.Long) but parameter 'Optional[propositionId]' not found in annotated query 'SELECT DISTINCT p.* FROM user_02 u JOIN user_department ud ON ud.a02_id = u.a02_id JOIN department_21 d ON d.a21_id = ud.a21_id JOIN businessunit_25 bu ON d.a25_id = bu.a25_id JOIN organization_20 o ON o.a20_id = bu.a20_id WHERE u.a02_id = :userId'!
Caused by: java.lang.IllegalStateException: Using named parameters for method public abstract java.util.List com.paradecision.propositions.profiles.ProfileRepository.findAllByPropositionId(java.lang.Long) but parameter 'Optional[propositionId]' not found in annotated query 'SELECT DISTINCT p.* FROM user_02 u JOIN user_department ud ON ud.a02_id = u.a02_id JOIN department_21 d ON d.a21_id = ud.a21_id JOIN businessunit_25 bu ON d.a25_id = bu.a25_id JOIN organization_20 o ON o.a20_id = bu.a20_id WHERE u.a02_id = :userId'!

